<?xml version="1.0" encoding="UTF-8"?>
<!-- Generated by org.testng.reporters.JUnitReportReporter -->
<testsuite hostname="DESKTOP-NAUFJ4E" failures="0" tests="1" name="qsq.gittest.AppTest" time="12.691" errors="0" timestamp="9 May 2018 03:44:12 GMT">
  <testcase classname="qsq.gittest.AppTest" name="testApp" time="12.691"/>
</testsuite> <!-- qsq.gittest.AppTest -->
